<6>INFO  : Resync updating listings
<6>INFO  : Bisync successful
<5>NOTICE: 
Transferred:   	  508.792 MiB / 508.792 MiB, 100%, 101.748 MiB/s, ETA 0s
Checks:                 1 / 1, 100%
Transferred:         2136 / 2136, 100%
Elapsed time:        11.0s

<6>INFO  : Dropbox root 'rclone/org': Committing uploads - please wait...
<5>NOTICE: bisync is EXPERIMENTAL. Don't use in production!
2024/02/24 21:20:02 NOTICE: bisync is EXPERIMENTAL. Don't use in production!
2024/02/24 21:40:01 NOTICE: bisync is EXPERIMENTAL. Don't use in production!
2024/02/24 22:00:01 NOTICE: bisync is EXPERIMENTAL. Don't use in production!
2024/02/24 22:20:01 NOTICE: bisync is EXPERIMENTAL. Don't use in production!
2024/02/24 22:40:02 NOTICE: bisync is EXPERIMENTAL. Don't use in production!
2024/02/24 23:00:07 NOTICE: bisync is EXPERIMENTAL. Don't use in production!
2024/02/24 23:20:02 NOTICE: bisync is EXPERIMENTAL. Don't use in production!
2024/02/24 23:40:03 NOTICE: bisync is EXPERIMENTAL. Don't use in production!
2024/02/25 00:00:06 NOTICE: bisync is EXPERIMENTAL. Don't use in production!
2024/02/25 00:20:02 NOTICE: bisync is EXPERIMENTAL. Don't use in production!
2024/02/25 00:40:02 NOTICE: bisync is EXPERIMENTAL. Don't use in production!
2024/02/25 01:00:02 NOTICE: bisync is EXPERIMENTAL. Don't use in production!
2024/02/25 01:20:01 NOTICE: bisync is EXPERIMENTAL. Don't use in production!
2024/02/25 01:40:01 NOTICE: bisync is EXPERIMENTAL. Don't use in production!
2024/02/25 01:40:17 NOTICE: Dropbox root 'rclone/org': Forced to upload files to set modification times on this backend.
2024/02/25 02:00:01 NOTICE: bisync is EXPERIMENTAL. Don't use in production!
